The target system is: Arduino -  - 
The host system is: Linux - 4.15.0-45-generic - x86_64
Compiling the C compiler identification source file "CMakeCCompilerId.c" succeeded.
Compiler: /usr/bin/avr-gcc 
Build flags: 
Id flags: 

The output was:
0


Compilation of the C compiler identification source "CMakeCCompilerId.c" produced "a.out"

The C compiler identification is GNU, found in "/home/niroigen/final_catkin_ws/build/mpu6050-ros/firmware/CMakeFiles/3.5.1/CompilerIdC/a.out"

Compiling the CXX compiler identification source file "CMakeCXXCompilerId.cpp" succeeded.
Compiler: /usr/bin/avr-g++ 
Build flags: 
Id flags: 

The output was:
0


Compilation of the CXX compiler identification source "CMakeCXXCompilerId.cpp" produced "a.out"

The CXX compiler identification is GNU, found in "/home/niroigen/final_catkin_ws/build/mpu6050-ros/firmware/CMakeFiles/3.5.1/CompilerIdCXX/a.out"

Determining if the C compiler works passed with the following output:
Change Dir: /home/niroigen/final_catkin_ws/build/mpu6050-ros/firmware/CMakeFiles/CMakeTmp

Run Build Command:"/usr/bin/make" "cmTC_ec4bd/fast"
make[3]: Entering directory '/home/niroigen/final_catkin_ws/build/mpu6050-ros/firmware/CMakeFiles/CMakeTmp'
/usr/bin/make -f CMakeFiles/cmTC_ec4bd.dir/build.make CMakeFiles/cmTC_ec4bd.dir/build
make[4]: Entering directory '/home/niroigen/final_catkin_ws/build/mpu6050-ros/firmware/CMakeFiles/CMakeTmp'
Building C object CMakeFiles/cmTC_ec4bd.dir/testCCompiler.c.obj
/usr/bin/avr-gcc    -g -Os       -mcall-prologues -ffunction-sections -fdata-sections    -o CMakeFiles/cmTC_ec4bd.dir/testCCompiler.c.obj   -c /home/niroigen/final_catkin_ws/build/mpu6050-ros/firmware/CMakeFiles/CMakeTmp/testCCompiler.c
Linking C executable cmTC_ec4bd
/usr/bin/cmake -E cmake_link_script CMakeFiles/cmTC_ec4bd.dir/link.txt --verbose=1
/usr/bin/avr-gcc  -g -Os       -mcall-prologues -ffunction-sections -fdata-sections   -Wl,--gc-sections -lm  CMakeFiles/cmTC_ec4bd.dir/testCCompiler.c.obj  -o cmTC_ec4bd  
make[4]: Leaving directory '/home/niroigen/final_catkin_ws/build/mpu6050-ros/firmware/CMakeFiles/CMakeTmp'
make[3]: Leaving directory '/home/niroigen/final_catkin_ws/build/mpu6050-ros/firmware/CMakeFiles/CMakeTmp'


Detecting C compiler ABI info compiled with the following output:
Change Dir: /home/niroigen/final_catkin_ws/build/mpu6050-ros/firmware/CMakeFiles/CMakeTmp

Run Build Command:"/usr/bin/make" "cmTC_a2f5e/fast"
make[3]: Entering directory '/home/niroigen/final_catkin_ws/build/mpu6050-ros/firmware/CMakeFiles/CMakeTmp'
/usr/bin/make -f CMakeFiles/cmTC_a2f5e.dir/build.make CMakeFiles/cmTC_a2f5e.dir/build
make[4]: Entering directory '/home/niroigen/final_catkin_ws/build/mpu6050-ros/firmware/CMakeFiles/CMakeTmp'
Building C object CMakeFiles/cmTC_a2f5e.dir/CMakeCCompilerABI.c.obj
/usr/bin/avr-gcc    -g -Os       -mcall-prologues -ffunction-sections -fdata-sections    -o CMakeFiles/cmTC_a2f5e.dir/CMakeCCompilerABI.c.obj   -c /usr/share/cmake-3.5/Modules/CMakeCCompilerABI.c
Linking C executable cmTC_a2f5e
/usr/bin/cmake -E cmake_link_script CMakeFiles/cmTC_a2f5e.dir/link.txt --verbose=1
/usr/bin/avr-gcc  -g -Os       -mcall-prologues -ffunction-sections -fdata-sections   -Wl,--gc-sections -lm -v CMakeFiles/cmTC_a2f5e.dir/CMakeCCompilerABI.c.obj  -o cmTC_a2f5e   
Using built-in specs.
Reading specs from /usr/lib/gcc/avr/4.9.2/device-specs/specs-avr2
COLLECT_GCC=/usr/bin/avr-gcc
COLLECT_LTO_WRAPPER=/usr/lib/gcc/avr/4.9.2/lto-wrapper
Target: avr
Configured with: ../src/configure -v --enable-languages=c,c++ --prefix=/usr/lib --infodir=/usr/share/info --mandir=/usr/share/man --bindir=/usr/bin --libexecdir=/usr/lib --libdir=/usr/lib --enable-shared --with-system-zlib --enable-long-long --enable-nls --without-included-gettext --disable-libssp --build=x86_64-linux-gnu --host=x86_64-linux-gnu --target=avr CFLAGS='-g -O2 -fstack-protector-strong -Wformat ' CPPFLAGS=-D_FORTIFY_SOURCE=2 CXXFLAGS='-g -O2 -fstack-protector-strong -Wformat ' FCFLAGS='-g -O2 -fstack-protector-strong' FFLAGS='-g -O2 -fstack-protector-strong' GCJFLAGS='-g -O2 -fstack-protector-strong' LDFLAGS='-Wl,-Bsymbolic-functions -Wl,-z,relro' OBJCFLAGS='-g -O2 -fstack-protector-strong -Wformat ' OBJCXXFLAGS='-g -O2 -fstack-protector-strong -Wformat '
Thread model: single
gcc version 4.9.2 (GCC) 
COMPILER_PATH=/usr/lib/gcc/avr/4.9.2/:/usr/lib/gcc/avr/4.9.2/:/usr/lib/gcc/avr/:/usr/lib/gcc/avr/4.9.2/:/usr/lib/gcc/avr/:/usr/lib/gcc/avr/4.9.2/../../../avr/bin/
LIBRARY_PATH=/usr/lib/gcc/avr/4.9.2/:/usr/lib/gcc/avr/4.9.2/../../../avr/lib/
COLLECT_GCC_OPTIONS='-g' '-Os' '-mcall-prologues' '-ffunction-sections' '-fdata-sections' '-v' '-o' 'cmTC_a2f5e' '-specs=device-specs/specs-avr2'
 /usr/lib/gcc/avr/4.9.2/collect2 -plugin /usr/lib/gcc/avr/4.9.2/liblto_plugin.so -plugin-opt=/usr/lib/gcc/avr/4.9.2/lto-wrapper -plugin-opt=-fresolution=/tmp/cczk4DtA.res -plugin-opt=-pass-through=-lgcc -plugin-opt=-pass-through=-lm -plugin-opt=-pass-through=-lc -o cmTC_a2f5e -L/usr/lib/gcc/avr/4.9.2 -L/usr/lib/gcc/avr/4.9.2/../../../avr/lib --gc-sections -lm CMakeFiles/cmTC_a2f5e.dir/CMakeCCompilerABI.c.obj --start-group -lgcc -lm -lc --end-group
make[4]: Leaving directory '/home/niroigen/final_catkin_ws/build/mpu6050-ros/firmware/CMakeFiles/CMakeTmp'
make[3]: Leaving directory '/home/niroigen/final_catkin_ws/build/mpu6050-ros/firmware/CMakeFiles/CMakeTmp'


Parsed C implicit link information from above output:
  link line regex: [^( *|.*[/\])(avr-ld|([^/\]+-)?ld|collect2)[^/\]*( |$)]
  ignore line: [Change Dir: /home/niroigen/final_catkin_ws/build/mpu6050-ros/firmware/CMakeFiles/CMakeTmp]
  ignore line: []
  ignore line: [Run Build Command:"/usr/bin/make" "cmTC_a2f5e/fast"]
  ignore line: [make[3]: Entering directory '/home/niroigen/final_catkin_ws/build/mpu6050-ros/firmware/CMakeFiles/CMakeTmp']
  ignore line: [/usr/bin/make -f CMakeFiles/cmTC_a2f5e.dir/build.make CMakeFiles/cmTC_a2f5e.dir/build]
  ignore line: [make[4]: Entering directory '/home/niroigen/final_catkin_ws/build/mpu6050-ros/firmware/CMakeFiles/CMakeTmp']
  ignore line: [Building C object CMakeFiles/cmTC_a2f5e.dir/CMakeCCompilerABI.c.obj]
  ignore line: [/usr/bin/avr-gcc    -g -Os       -mcall-prologues -ffunction-sections -fdata-sections    -o CMakeFiles/cmTC_a2f5e.dir/CMakeCCompilerABI.c.obj   -c /usr/share/cmake-3.5/Modules/CMakeCCompilerABI.c]
  ignore line: [Linking C executable cmTC_a2f5e]
  ignore line: [/usr/bin/cmake -E cmake_link_script CMakeFiles/cmTC_a2f5e.dir/link.txt --verbose=1]
  ignore line: [/usr/bin/avr-gcc  -g -Os       -mcall-prologues -ffunction-sections -fdata-sections   -Wl,--gc-sections -lm -v CMakeFiles/cmTC_a2f5e.dir/CMakeCCompilerABI.c.obj  -o cmTC_a2f5e   ]
  ignore line: [Using built-in specs.]
  ignore line: [Reading specs from /usr/lib/gcc/avr/4.9.2/device-specs/specs-avr2]
  ignore line: [COLLECT_GCC=/usr/bin/avr-gcc]
  ignore line: [COLLECT_LTO_WRAPPER=/usr/lib/gcc/avr/4.9.2/lto-wrapper]
  ignore line: [Target: avr]
  ignore line: [Configured with: ../src/configure -v --enable-languages=c,c++ --prefix=/usr/lib --infodir=/usr/share/info --mandir=/usr/share/man --bindir=/usr/bin --libexecdir=/usr/lib --libdir=/usr/lib --enable-shared --with-system-zlib --enable-long-long --enable-nls --without-included-gettext --disable-libssp --build=x86_64-linux-gnu --host=x86_64-linux-gnu --target=avr CFLAGS='-g -O2 -fstack-protector-strong -Wformat ' CPPFLAGS=-D_FORTIFY_SOURCE=2 CXXFLAGS='-g -O2 -fstack-protector-strong -Wformat ' FCFLAGS='-g -O2 -fstack-protector-strong' FFLAGS='-g -O2 -fstack-protector-strong' GCJFLAGS='-g -O2 -fstack-protector-strong' LDFLAGS='-Wl,-Bsymbolic-functions -Wl,-z,relro' OBJCFLAGS='-g -O2 -fstack-protector-strong -Wformat ' OBJCXXFLAGS='-g -O2 -fstack-protector-strong -Wformat ']
  ignore line: [Thread model: single]
  ignore line: [gcc version 4.9.2 (GCC) ]
  ignore line: [COMPILER_PATH=/usr/lib/gcc/avr/4.9.2/:/usr/lib/gcc/avr/4.9.2/:/usr/lib/gcc/avr/:/usr/lib/gcc/avr/4.9.2/:/usr/lib/gcc/avr/:/usr/lib/gcc/avr/4.9.2/../../../avr/bin/]
  ignore line: [LIBRARY_PATH=/usr/lib/gcc/avr/4.9.2/:/usr/lib/gcc/avr/4.9.2/../../../avr/lib/]
  ignore line: [COLLECT_GCC_OPTIONS='-g' '-Os' '-mcall-prologues' '-ffunction-sections' '-fdata-sections' '-v' '-o' 'cmTC_a2f5e' '-specs=device-specs/specs-avr2']
  link line: [ /usr/lib/gcc/avr/4.9.2/collect2 -plugin /usr/lib/gcc/avr/4.9.2/liblto_plugin.so -plugin-opt=/usr/lib/gcc/avr/4.9.2/lto-wrapper -plugin-opt=-fresolution=/tmp/cczk4DtA.res -plugin-opt=-pass-through=-lgcc -plugin-opt=-pass-through=-lm -plugin-opt=-pass-through=-lc -o cmTC_a2f5e -L/usr/lib/gcc/avr/4.9.2 -L/usr/lib/gcc/avr/4.9.2/../../../avr/lib --gc-sections -lm CMakeFiles/cmTC_a2f5e.dir/CMakeCCompilerABI.c.obj --start-group -lgcc -lm -lc --end-group]
    arg [/usr/lib/gcc/avr/4.9.2/collect2] ==> ignore
    arg [-plugin] ==> ignore
    arg [/usr/lib/gcc/avr/4.9.2/liblto_plugin.so] ==> ignore
    arg [-plugin-opt=/usr/lib/gcc/avr/4.9.2/lto-wrapper] ==> ignore
    arg [-plugin-opt=-fresolution=/tmp/cczk4DtA.res] ==> ignore
    arg [-plugin-opt=-pass-through=-lgcc] ==> ignore
    arg [-plugin-opt=-pass-through=-lm] ==> ignore
    arg [-plugin-opt=-pass-through=-lc] ==> ignore
    arg [-o] ==> ignore
    arg [cmTC_a2f5e] ==> ignore
    arg [-L/usr/lib/gcc/avr/4.9.2] ==> dir [/usr/lib/gcc/avr/4.9.2]
    arg [-L/usr/lib/gcc/avr/4.9.2/../../../avr/lib] ==> dir [/usr/lib/gcc/avr/4.9.2/../../../avr/lib]
    arg [--gc-sections] ==> ignore
    arg [-lm] ==> lib [m]
    arg [CMakeFiles/cmTC_a2f5e.dir/CMakeCCompilerABI.c.obj] ==> ignore
    arg [--start-group] ==> ignore
    arg [-lgcc] ==> lib [gcc]
    arg [-lm] ==> lib [m]
    arg [-lc] ==> lib [c]
    arg [--end-group] ==> ignore
  remove lib [gcc]
  collapse library dir [/usr/lib/gcc/avr/4.9.2] ==> [/usr/lib/gcc/avr/4.9.2]
  collapse library dir [/usr/lib/gcc/avr/4.9.2/../../../avr/lib] ==> [/usr/lib/avr/lib]
  implicit libs: [m;m;c]
  implicit dirs: [/usr/lib/gcc/avr/4.9.2;/usr/lib/avr/lib]
  implicit fwks: []




Detecting C [-std=c11] compiler features compiled with the following output:
Change Dir: /home/niroigen/final_catkin_ws/build/mpu6050-ros/firmware/CMakeFiles/CMakeTmp

Run Build Command:"/usr/bin/make" "cmTC_cc454/fast"
make[3]: Entering directory '/home/niroigen/final_catkin_ws/build/mpu6050-ros/firmware/CMakeFiles/CMakeTmp'
/usr/bin/make -f CMakeFiles/cmTC_cc454.dir/build.make CMakeFiles/cmTC_cc454.dir/build
make[4]: Entering directory '/home/niroigen/final_catkin_ws/build/mpu6050-ros/firmware/CMakeFiles/CMakeTmp'
Building C object CMakeFiles/cmTC_cc454.dir/feature_tests.c.obj
/usr/bin/avr-gcc    -g -Os       -mcall-prologues -ffunction-sections -fdata-sections    -std=c11 -o CMakeFiles/cmTC_cc454.dir/feature_tests.c.obj   -c /home/niroigen/final_catkin_ws/build/mpu6050-ros/firmware/CMakeFiles/feature_tests.c
Linking C executable cmTC_cc454
/usr/bin/cmake -E cmake_link_script CMakeFiles/cmTC_cc454.dir/link.txt --verbose=1
/usr/bin/avr-gcc  -g -Os       -mcall-prologues -ffunction-sections -fdata-sections   -Wl,--gc-sections -lm  CMakeFiles/cmTC_cc454.dir/feature_tests.c.obj  -o cmTC_cc454  
make[4]: Leaving directory '/home/niroigen/final_catkin_ws/build/mpu6050-ros/firmware/CMakeFiles/CMakeTmp'
make[3]: Leaving directory '/home/niroigen/final_catkin_ws/build/mpu6050-ros/firmware/CMakeFiles/CMakeTmp'




Detecting C [-std=c99] compiler features compiled with the following output:
Change Dir: /home/niroigen/final_catkin_ws/build/mpu6050-ros/firmware/CMakeFiles/CMakeTmp

Run Build Command:"/usr/bin/make" "cmTC_3f34b/fast"
make[3]: Entering directory '/home/niroigen/final_catkin_ws/build/mpu6050-ros/firmware/CMakeFiles/CMakeTmp'
/usr/bin/make -f CMakeFiles/cmTC_3f34b.dir/build.make CMakeFiles/cmTC_3f34b.dir/build
make[4]: Entering directory '/home/niroigen/final_catkin_ws/build/mpu6050-ros/firmware/CMakeFiles/CMakeTmp'
Building C object CMakeFiles/cmTC_3f34b.dir/feature_tests.c.obj
/usr/bin/avr-gcc    -g -Os       -mcall-prologues -ffunction-sections -fdata-sections    -std=c99 -o CMakeFiles/cmTC_3f34b.dir/feature_tests.c.obj   -c /home/niroigen/final_catkin_ws/build/mpu6050-ros/firmware/CMakeFiles/feature_tests.c
Linking C executable cmTC_3f34b
/usr/bin/cmake -E cmake_link_script CMakeFiles/cmTC_3f34b.dir/link.txt --verbose=1
/usr/bin/avr-gcc  -g -Os       -mcall-prologues -ffunction-sections -fdata-sections   -Wl,--gc-sections -lm  CMakeFiles/cmTC_3f34b.dir/feature_tests.c.obj  -o cmTC_3f34b  
make[4]: Leaving directory '/home/niroigen/final_catkin_ws/build/mpu6050-ros/firmware/CMakeFiles/CMakeTmp'
make[3]: Leaving directory '/home/niroigen/final_catkin_ws/build/mpu6050-ros/firmware/CMakeFiles/CMakeTmp'




Detecting C [-std=c90] compiler features compiled with the following output:
Change Dir: /home/niroigen/final_catkin_ws/build/mpu6050-ros/firmware/CMakeFiles/CMakeTmp

Run Build Command:"/usr/bin/make" "cmTC_a9047/fast"
make[3]: Entering directory '/home/niroigen/final_catkin_ws/build/mpu6050-ros/firmware/CMakeFiles/CMakeTmp'
/usr/bin/make -f CMakeFiles/cmTC_a9047.dir/build.make CMakeFiles/cmTC_a9047.dir/build
make[4]: Entering directory '/home/niroigen/final_catkin_ws/build/mpu6050-ros/firmware/CMakeFiles/CMakeTmp'
Building C object CMakeFiles/cmTC_a9047.dir/feature_tests.c.obj
/usr/bin/avr-gcc    -g -Os       -mcall-prologues -ffunction-sections -fdata-sections    -std=c90 -o CMakeFiles/cmTC_a9047.dir/feature_tests.c.obj   -c /home/niroigen/final_catkin_ws/build/mpu6050-ros/firmware/CMakeFiles/feature_tests.c
Linking C executable cmTC_a9047
/usr/bin/cmake -E cmake_link_script CMakeFiles/cmTC_a9047.dir/link.txt --verbose=1
/usr/bin/avr-gcc  -g -Os       -mcall-prologues -ffunction-sections -fdata-sections   -Wl,--gc-sections -lm  CMakeFiles/cmTC_a9047.dir/feature_tests.c.obj  -o cmTC_a9047  
make[4]: Leaving directory '/home/niroigen/final_catkin_ws/build/mpu6050-ros/firmware/CMakeFiles/CMakeTmp'
make[3]: Leaving directory '/home/niroigen/final_catkin_ws/build/mpu6050-ros/firmware/CMakeFiles/CMakeTmp'


Determining if the CXX compiler works passed with the following output:
Change Dir: /home/niroigen/final_catkin_ws/build/mpu6050-ros/firmware/CMakeFiles/CMakeTmp

Run Build Command:"/usr/bin/make" "cmTC_c1a9f/fast"
make[3]: Entering directory '/home/niroigen/final_catkin_ws/build/mpu6050-ros/firmware/CMakeFiles/CMakeTmp'
/usr/bin/make -f CMakeFiles/cmTC_c1a9f.dir/build.make CMakeFiles/cmTC_c1a9f.dir/build
make[4]: Entering directory '/home/niroigen/final_catkin_ws/build/mpu6050-ros/firmware/CMakeFiles/CMakeTmp'
Building CXX object CMakeFiles/cmTC_c1a9f.dir/testCXXCompiler.cxx.obj
/usr/bin/avr-g++     -g -Os       -mcall-prologues -ffunction-sections -fdata-sections -fno-exceptions    -o CMakeFiles/cmTC_c1a9f.dir/testCXXCompiler.cxx.obj -c /home/niroigen/final_catkin_ws/build/mpu6050-ros/firmware/CMakeFiles/CMakeTmp/testCXXCompiler.cxx
Linking CXX executable cmTC_c1a9f
/usr/bin/cmake -E cmake_link_script CMakeFiles/cmTC_c1a9f.dir/link.txt --verbose=1
/usr/bin/avr-g++   -g -Os       -mcall-prologues -ffunction-sections -fdata-sections -fno-exceptions   -Wl,--gc-sections -lm  CMakeFiles/cmTC_c1a9f.dir/testCXXCompiler.cxx.obj  -o cmTC_c1a9f  
make[4]: Leaving directory '/home/niroigen/final_catkin_ws/build/mpu6050-ros/firmware/CMakeFiles/CMakeTmp'
make[3]: Leaving directory '/home/niroigen/final_catkin_ws/build/mpu6050-ros/firmware/CMakeFiles/CMakeTmp'


Detecting CXX compiler ABI info compiled with the following output:
Change Dir: /home/niroigen/final_catkin_ws/build/mpu6050-ros/firmware/CMakeFiles/CMakeTmp

Run Build Command:"/usr/bin/make" "cmTC_30416/fast"
make[3]: Entering directory '/home/niroigen/final_catkin_ws/build/mpu6050-ros/firmware/CMakeFiles/CMakeTmp'
/usr/bin/make -f CMakeFiles/cmTC_30416.dir/build.make CMakeFiles/cmTC_30416.dir/build
make[4]: Entering directory '/home/niroigen/final_catkin_ws/build/mpu6050-ros/firmware/CMakeFiles/CMakeTmp'
Building CXX object CMakeFiles/cmTC_30416.dir/CMakeCXXCompilerABI.cpp.obj
/usr/bin/avr-g++     -g -Os       -mcall-prologues -ffunction-sections -fdata-sections -fno-exceptions    -o CMakeFiles/cmTC_30416.dir/CMakeCXXCompilerABI.cpp.obj -c /usr/share/cmake-3.5/Modules/CMakeCXXCompilerABI.cpp
Linking CXX executable cmTC_30416
/usr/bin/cmake -E cmake_link_script CMakeFiles/cmTC_30416.dir/link.txt --verbose=1
/usr/bin/avr-g++   -g -Os       -mcall-prologues -ffunction-sections -fdata-sections -fno-exceptions   -Wl,--gc-sections -lm -v CMakeFiles/cmTC_30416.dir/CMakeCXXCompilerABI.cpp.obj  -o cmTC_30416   
Using built-in specs.
Reading specs from /usr/lib/gcc/avr/4.9.2/device-specs/specs-avr2
COLLECT_GCC=/usr/bin/avr-g++
COLLECT_LTO_WRAPPER=/usr/lib/gcc/avr/4.9.2/lto-wrapper
Target: avr
Configured with: ../src/configure -v --enable-languages=c,c++ --prefix=/usr/lib --infodir=/usr/share/info --mandir=/usr/share/man --bindir=/usr/bin --libexecdir=/usr/lib --libdir=/usr/lib --enable-shared --with-system-zlib --enable-long-long --enable-nls --without-included-gettext --disable-libssp --build=x86_64-linux-gnu --host=x86_64-linux-gnu --target=avr CFLAGS='-g -O2 -fstack-protector-strong -Wformat ' CPPFLAGS=-D_FORTIFY_SOURCE=2 CXXFLAGS='-g -O2 -fstack-protector-strong -Wformat ' FCFLAGS='-g -O2 -fstack-protector-strong' FFLAGS='-g -O2 -fstack-protector-strong' GCJFLAGS='-g -O2 -fstack-protector-strong' LDFLAGS='-Wl,-Bsymbolic-functions -Wl,-z,relro' OBJCFLAGS='-g -O2 -fstack-protector-strong -Wformat ' OBJCXXFLAGS='-g -O2 -fstack-protector-strong -Wformat '
Thread model: single
gcc version 4.9.2 (GCC) 
COMPILER_PATH=/usr/lib/gcc/avr/4.9.2/:/usr/lib/gcc/avr/4.9.2/:/usr/lib/gcc/avr/:/usr/lib/gcc/avr/4.9.2/:/usr/lib/gcc/avr/:/usr/lib/gcc/avr/4.9.2/../../../avr/bin/
LIBRARY_PATH=/usr/lib/gcc/avr/4.9.2/:/usr/lib/gcc/avr/4.9.2/../../../avr/lib/
COLLECT_GCC_OPTIONS='-g' '-Os' '-mcall-prologues' '-ffunction-sections' '-fdata-sections' '-fno-exceptions' '-v' '-o' 'cmTC_30416' '-specs=device-specs/specs-avr2'
 /usr/lib/gcc/avr/4.9.2/collect2 -plugin /usr/lib/gcc/avr/4.9.2/liblto_plugin.so -plugin-opt=/usr/lib/gcc/avr/4.9.2/lto-wrapper -plugin-opt=-fresolution=/tmp/ccQwXKsA.res -plugin-opt=-pass-through=-lgcc -plugin-opt=-pass-through=-lm -plugin-opt=-pass-through=-lc -o cmTC_30416 -L/usr/lib/gcc/avr/4.9.2 -L/usr/lib/gcc/avr/4.9.2/../../../avr/lib --gc-sections CMakeFiles/cmTC_30416.dir/CMakeCXXCompilerABI.cpp.obj -lgcc -lm --start-group -lgcc -lm -lc --end-group
make[4]: Leaving directory '/home/niroigen/final_catkin_ws/build/mpu6050-ros/firmware/CMakeFiles/CMakeTmp'
make[3]: Leaving directory '/home/niroigen/final_catkin_ws/build/mpu6050-ros/firmware/CMakeFiles/CMakeTmp'


Parsed CXX implicit link information from above output:
  link line regex: [^( *|.*[/\])(avr-ld|([^/\]+-)?ld|collect2)[^/\]*( |$)]
  ignore line: [Change Dir: /home/niroigen/final_catkin_ws/build/mpu6050-ros/firmware/CMakeFiles/CMakeTmp]
  ignore line: []
  ignore line: [Run Build Command:"/usr/bin/make" "cmTC_30416/fast"]
  ignore line: [make[3]: Entering directory '/home/niroigen/final_catkin_ws/build/mpu6050-ros/firmware/CMakeFiles/CMakeTmp']
  ignore line: [/usr/bin/make -f CMakeFiles/cmTC_30416.dir/build.make CMakeFiles/cmTC_30416.dir/build]
  ignore line: [make[4]: Entering directory '/home/niroigen/final_catkin_ws/build/mpu6050-ros/firmware/CMakeFiles/CMakeTmp']
  ignore line: [Building CXX object CMakeFiles/cmTC_30416.dir/CMakeCXXCompilerABI.cpp.obj]
  ignore line: [/usr/bin/avr-g++     -g -Os       -mcall-prologues -ffunction-sections -fdata-sections -fno-exceptions    -o CMakeFiles/cmTC_30416.dir/CMakeCXXCompilerABI.cpp.obj -c /usr/share/cmake-3.5/Modules/CMakeCXXCompilerABI.cpp]
  ignore line: [Linking CXX executable cmTC_30416]
  ignore line: [/usr/bin/cmake -E cmake_link_script CMakeFiles/cmTC_30416.dir/link.txt --verbose=1]
  ignore line: [/usr/bin/avr-g++   -g -Os       -mcall-prologues -ffunction-sections -fdata-sections -fno-exceptions   -Wl,--gc-sections -lm -v CMakeFiles/cmTC_30416.dir/CMakeCXXCompilerABI.cpp.obj  -o cmTC_30416   ]
  ignore line: [Using built-in specs.]
  ignore line: [Reading specs from /usr/lib/gcc/avr/4.9.2/device-specs/specs-avr2]
  ignore line: [COLLECT_GCC=/usr/bin/avr-g++]
  ignore line: [COLLECT_LTO_WRAPPER=/usr/lib/gcc/avr/4.9.2/lto-wrapper]
  ignore line: [Target: avr]
  ignore line: [Configured with: ../src/configure -v --enable-languages=c,c++ --prefix=/usr/lib --infodir=/usr/share/info --mandir=/usr/share/man --bindir=/usr/bin --libexecdir=/usr/lib --libdir=/usr/lib --enable-shared --with-system-zlib --enable-long-long --enable-nls --without-included-gettext --disable-libssp --build=x86_64-linux-gnu --host=x86_64-linux-gnu --target=avr CFLAGS='-g -O2 -fstack-protector-strong -Wformat ' CPPFLAGS=-D_FORTIFY_SOURCE=2 CXXFLAGS='-g -O2 -fstack-protector-strong -Wformat ' FCFLAGS='-g -O2 -fstack-protector-strong' FFLAGS='-g -O2 -fstack-protector-strong' GCJFLAGS='-g -O2 -fstack-protector-strong' LDFLAGS='-Wl,-Bsymbolic-functions -Wl,-z,relro' OBJCFLAGS='-g -O2 -fstack-protector-strong -Wformat ' OBJCXXFLAGS='-g -O2 -fstack-protector-strong -Wformat ']
  ignore line: [Thread model: single]
  ignore line: [gcc version 4.9.2 (GCC) ]
  ignore line: [COMPILER_PATH=/usr/lib/gcc/avr/4.9.2/:/usr/lib/gcc/avr/4.9.2/:/usr/lib/gcc/avr/:/usr/lib/gcc/avr/4.9.2/:/usr/lib/gcc/avr/:/usr/lib/gcc/avr/4.9.2/../../../avr/bin/]
  ignore line: [LIBRARY_PATH=/usr/lib/gcc/avr/4.9.2/:/usr/lib/gcc/avr/4.9.2/../../../avr/lib/]
  ignore line: [COLLECT_GCC_OPTIONS='-g' '-Os' '-mcall-prologues' '-ffunction-sections' '-fdata-sections' '-fno-exceptions' '-v' '-o' 'cmTC_30416' '-specs=device-specs/specs-avr2']
  link line: [ /usr/lib/gcc/avr/4.9.2/collect2 -plugin /usr/lib/gcc/avr/4.9.2/liblto_plugin.so -plugin-opt=/usr/lib/gcc/avr/4.9.2/lto-wrapper -plugin-opt=-fresolution=/tmp/ccQwXKsA.res -plugin-opt=-pass-through=-lgcc -plugin-opt=-pass-through=-lm -plugin-opt=-pass-through=-lc -o cmTC_30416 -L/usr/lib/gcc/avr/4.9.2 -L/usr/lib/gcc/avr/4.9.2/../../../avr/lib --gc-sections CMakeFiles/cmTC_30416.dir/CMakeCXXCompilerABI.cpp.obj -lgcc -lm --start-group -lgcc -lm -lc --end-group]
    arg [/usr/lib/gcc/avr/4.9.2/collect2] ==> ignore
    arg [-plugin] ==> ignore
    arg [/usr/lib/gcc/avr/4.9.2/liblto_plugin.so] ==> ignore
    arg [-plugin-opt=/usr/lib/gcc/avr/4.9.2/lto-wrapper] ==> ignore
    arg [-plugin-opt=-fresolution=/tmp/ccQwXKsA.res] ==> ignore
    arg [-plugin-opt=-pass-through=-lgcc] ==> ignore
    arg [-plugin-opt=-pass-through=-lm] ==> ignore
    arg [-plugin-opt=-pass-through=-lc] ==> ignore
    arg [-o] ==> ignore
    arg [cmTC_30416] ==> ignore
    arg [-L/usr/lib/gcc/avr/4.9.2] ==> dir [/usr/lib/gcc/avr/4.9.2]
    arg [-L/usr/lib/gcc/avr/4.9.2/../../../avr/lib] ==> dir [/usr/lib/gcc/avr/4.9.2/../../../avr/lib]
    arg [--gc-sections] ==> ignore
    arg [CMakeFiles/cmTC_30416.dir/CMakeCXXCompilerABI.cpp.obj] ==> ignore
    arg [-lgcc] ==> lib [gcc]
    arg [-lm] ==> lib [m]
    arg [--start-group] ==> ignore
    arg [-lgcc] ==> lib [gcc]
    arg [-lm] ==> lib [m]
    arg [-lc] ==> lib [c]
    arg [--end-group] ==> ignore
  remove lib [gcc]
  remove lib [gcc]
  collapse library dir [/usr/lib/gcc/avr/4.9.2] ==> [/usr/lib/gcc/avr/4.9.2]
  collapse library dir [/usr/lib/gcc/avr/4.9.2/../../../avr/lib] ==> [/usr/lib/avr/lib]
  implicit libs: [m;m;c]
  implicit dirs: [/usr/lib/gcc/avr/4.9.2;/usr/lib/avr/lib]
  implicit fwks: []




Detecting CXX [-std=c++14] compiler features compiled with the following output:
Change Dir: /home/niroigen/final_catkin_ws/build/mpu6050-ros/firmware/CMakeFiles/CMakeTmp

Run Build Command:"/usr/bin/make" "cmTC_a5596/fast"
make[3]: Entering directory '/home/niroigen/final_catkin_ws/build/mpu6050-ros/firmware/CMakeFiles/CMakeTmp'
/usr/bin/make -f CMakeFiles/cmTC_a5596.dir/build.make CMakeFiles/cmTC_a5596.dir/build
make[4]: Entering directory '/home/niroigen/final_catkin_ws/build/mpu6050-ros/firmware/CMakeFiles/CMakeTmp'
Building CXX object CMakeFiles/cmTC_a5596.dir/feature_tests.cxx.obj
/usr/bin/avr-g++     -g -Os       -mcall-prologues -ffunction-sections -fdata-sections -fno-exceptions    -std=c++14 -o CMakeFiles/cmTC_a5596.dir/feature_tests.cxx.obj -c /home/niroigen/final_catkin_ws/build/mpu6050-ros/firmware/CMakeFiles/feature_tests.cxx
Linking CXX executable cmTC_a5596
/usr/bin/cmake -E cmake_link_script CMakeFiles/cmTC_a5596.dir/link.txt --verbose=1
/usr/bin/avr-g++   -g -Os       -mcall-prologues -ffunction-sections -fdata-sections -fno-exceptions   -Wl,--gc-sections -lm  CMakeFiles/cmTC_a5596.dir/feature_tests.cxx.obj  -o cmTC_a5596  
make[4]: Leaving directory '/home/niroigen/final_catkin_ws/build/mpu6050-ros/firmware/CMakeFiles/CMakeTmp'
make[3]: Leaving directory '/home/niroigen/final_catkin_ws/build/mpu6050-ros/firmware/CMakeFiles/CMakeTmp'




Detecting CXX [-std=c++11] compiler features compiled with the following output:
Change Dir: /home/niroigen/final_catkin_ws/build/mpu6050-ros/firmware/CMakeFiles/CMakeTmp

Run Build Command:"/usr/bin/make" "cmTC_c7098/fast"
make[3]: Entering directory '/home/niroigen/final_catkin_ws/build/mpu6050-ros/firmware/CMakeFiles/CMakeTmp'
/usr/bin/make -f CMakeFiles/cmTC_c7098.dir/build.make CMakeFiles/cmTC_c7098.dir/build
make[4]: Entering directory '/home/niroigen/final_catkin_ws/build/mpu6050-ros/firmware/CMakeFiles/CMakeTmp'
Building CXX object CMakeFiles/cmTC_c7098.dir/feature_tests.cxx.obj
/usr/bin/avr-g++     -g -Os       -mcall-prologues -ffunction-sections -fdata-sections -fno-exceptions    -std=c++11 -o CMakeFiles/cmTC_c7098.dir/feature_tests.cxx.obj -c /home/niroigen/final_catkin_ws/build/mpu6050-ros/firmware/CMakeFiles/feature_tests.cxx
Linking CXX executable cmTC_c7098
/usr/bin/cmake -E cmake_link_script CMakeFiles/cmTC_c7098.dir/link.txt --verbose=1
/usr/bin/avr-g++   -g -Os       -mcall-prologues -ffunction-sections -fdata-sections -fno-exceptions   -Wl,--gc-sections -lm  CMakeFiles/cmTC_c7098.dir/feature_tests.cxx.obj  -o cmTC_c7098  
make[4]: Leaving directory '/home/niroigen/final_catkin_ws/build/mpu6050-ros/firmware/CMakeFiles/CMakeTmp'
make[3]: Leaving directory '/home/niroigen/final_catkin_ws/build/mpu6050-ros/firmware/CMakeFiles/CMakeTmp'




Detecting CXX [-std=c++98] compiler features compiled with the following output:
Change Dir: /home/niroigen/final_catkin_ws/build/mpu6050-ros/firmware/CMakeFiles/CMakeTmp

Run Build Command:"/usr/bin/make" "cmTC_56a40/fast"
make[3]: Entering directory '/home/niroigen/final_catkin_ws/build/mpu6050-ros/firmware/CMakeFiles/CMakeTmp'
/usr/bin/make -f CMakeFiles/cmTC_56a40.dir/build.make CMakeFiles/cmTC_56a40.dir/build
make[4]: Entering directory '/home/niroigen/final_catkin_ws/build/mpu6050-ros/firmware/CMakeFiles/CMakeTmp'
Building CXX object CMakeFiles/cmTC_56a40.dir/feature_tests.cxx.obj
/usr/bin/avr-g++     -g -Os       -mcall-prologues -ffunction-sections -fdata-sections -fno-exceptions    -std=c++98 -o CMakeFiles/cmTC_56a40.dir/feature_tests.cxx.obj -c /home/niroigen/final_catkin_ws/build/mpu6050-ros/firmware/CMakeFiles/feature_tests.cxx
Linking CXX executable cmTC_56a40
/usr/bin/cmake -E cmake_link_script CMakeFiles/cmTC_56a40.dir/link.txt --verbose=1
/usr/bin/avr-g++   -g -Os       -mcall-prologues -ffunction-sections -fdata-sections -fno-exceptions   -Wl,--gc-sections -lm  CMakeFiles/cmTC_56a40.dir/feature_tests.cxx.obj  -o cmTC_56a40  
make[4]: Leaving directory '/home/niroigen/final_catkin_ws/build/mpu6050-ros/firmware/CMakeFiles/CMakeTmp'
make[3]: Leaving directory '/home/niroigen/final_catkin_ws/build/mpu6050-ros/firmware/CMakeFiles/CMakeTmp'


